[debug] [2021-11-24T09:13:15.286Z] ----------------------------------------------------------------------
[debug] [2021-11-24T09:13:15.289Z] Command:       /usr/bin/node /usr/local/bin/firebase deploy
[debug] [2021-11-24T09:13:15.289Z] CLI Version:   9.5.0
[debug] [2021-11-24T09:13:15.289Z] Platform:      linux
[debug] [2021-11-24T09:13:15.289Z] Node Version:  v10.19.0
[debug] [2021-11-24T09:13:15.289Z] Time:          Wed Nov 24 2021 14:43:15 GMT+0530 (India Standard Time)
[debug] [2021-11-24T09:13:15.290Z] ----------------------------------------------------------------------
[debug] [2021-11-24T09:13:15.290Z] 
[debug] [2021-11-24T09:13:15.296Z] > command requires scopes: ["email","openid","https://www.googleapis.com/auth/cloudplatformprojects.readonly","https://www.googleapis.com/auth/firebase","https://www.googleapis.com/auth/cloud-platform"]
[debug] [2021-11-24T09:13:15.296Z] > authorizing via signed-in user
[debug] [2021-11-24T09:13:15.296Z] [iam] checking project hackerearthhackathon for permissions ["firebase.projects.get","firebasehosting.sites.update"]
[debug] [2021-11-24T09:13:15.299Z] > refreshing access token with scopes: ["email","https://www.googleapis.com/auth/cloud-platform","https://www.googleapis.com/auth/cloudplatformprojects.readonly","https://www.googleapis.com/auth/firebase","openid"]
[debug] [2021-11-24T09:13:15.299Z] >>> HTTP REQUEST POST https://www.googleapis.com/oauth2/v3/token  
 <request body omitted>
[debug] [2021-11-24T09:13:15.711Z] <<< HTTP RESPONSE 200 {"expires":"Mon, 01 Jan 1990 00:00:00 GMT","cache-control":"no-cache, no-store, max-age=0, must-revalidate","date":"Wed, 24 Nov 2021 09:13:15 GMT","pragma":"no-cache","content-type":"application/json; charset=utf-8","vary":"X-Origin, Referer, Origin,Accept-Encoding","server":"scaffolding on HTTPServer2","x-xss-protection":"0","x-frame-options":"SAMEORIGIN","x-content-type-options":"nosniff","alt-svc":"h3=\":443\"; ma=2592000,h3-29=\":443\"; ma=2592000,h3-Q050=\":443\"; ma=2592000,h3-Q046=\":443\"; ma=2592000,h3-Q043=\":443\"; ma=2592000,quic=\":443\"; ma=2592000; v=\"46,43\"","accept-ranges":"none","transfer-encoding":"chunked"}
[debug] [2021-11-24T09:13:15.723Z] >>> HTTP REQUEST POST https://cloudresourcemanager.googleapis.com/v1/projects/hackerearthhackathon:testIamPermissions  
 {"permissions":["firebase.projects.get","firebasehosting.sites.update"]}
[debug] [2021-11-24T09:13:17.720Z] <<< HTTP RESPONSE 200 {"content-type":"application/json; charset=UTF-8","vary":"X-Origin, Referer, Origin,Accept-Encoding","date":"Wed, 24 Nov 2021 09:13:17 GMT","server":"ESF","cache-control":"private","x-xss-protection":"0","x-frame-options":"SAMEORIGIN","x-content-type-options":"nosniff","server-timing":"gfet4t7; dur=1423","alt-svc":"h3=\":443\"; ma=2592000,h3-29=\":443\"; ma=2592000,h3-Q050=\":443\"; ma=2592000,h3-Q046=\":443\"; ma=2592000,h3-Q043=\":443\"; ma=2592000,quic=\":443\"; ma=2592000; v=\"46,43\"","accept-ranges":"none","transfer-encoding":"chunked"}
[debug] [2021-11-24T09:13:17.723Z] > refreshing access token with scopes: []
[debug] [2021-11-24T09:13:17.723Z] >>> HTTP REQUEST POST https://www.googleapis.com/oauth2/v3/token  
 <request body omitted>
[debug] [2021-11-24T09:13:18.076Z] <<< HTTP RESPONSE 200 {"date":"Wed, 24 Nov 2021 09:13:17 GMT","pragma":"no-cache","expires":"Mon, 01 Jan 1990 00:00:00 GMT","cache-control":"no-cache, no-store, max-age=0, must-revalidate","content-type":"application/json; charset=utf-8","vary":"X-Origin, Referer, Origin,Accept-Encoding","server":"scaffolding on HTTPServer2","x-xss-protection":"0","x-frame-options":"SAMEORIGIN","x-content-type-options":"nosniff","alt-svc":"h3=\":443\"; ma=2592000,h3-29=\":443\"; ma=2592000,h3-Q050=\":443\"; ma=2592000,h3-Q046=\":443\"; ma=2592000,h3-Q043=\":443\"; ma=2592000,quic=\":443\"; ma=2592000; v=\"46,43\"","accept-ranges":"none","transfer-encoding":"chunked"}
[debug] [2021-11-24T09:13:18.085Z] >>> [apiv2][query] GET https://firebase.googleapis.com/v1beta1/projects/hackerearthhackathon [none]
[debug] [2021-11-24T09:13:18.978Z] <<< [apiv2][status] GET https://firebase.googleapis.com/v1beta1/projects/hackerearthhackathon 200
[debug] [2021-11-24T09:13:18.979Z] <<< [apiv2][body] GET https://firebase.googleapis.com/v1beta1/projects/hackerearthhackathon {"projectId":"hackerearthhackathon","projectNumber":"949755346481","displayName":"hackerearthhackathon","name":"projects/hackerearthhackathon","resources":{"hostingSite":"hackerearthhackathon"},"state":"ACTIVE"}
[info] 
[info] === Deploying to 'hackerearthhackathon'...
[info] 
[info] i  deploying hosting 
[debug] [2021-11-24T09:13:18.990Z] > refreshing access token with scopes: ["email","https://www.googleapis.com/auth/cloud-platform","https://www.googleapis.com/auth/cloudplatformprojects.readonly","https://www.googleapis.com/auth/firebase","openid"]
[debug] [2021-11-24T09:13:18.991Z] >>> HTTP REQUEST POST https://www.googleapis.com/oauth2/v3/token  
 <request body omitted>
[debug] [2021-11-24T09:13:19.285Z] <<< HTTP RESPONSE 200 {"date":"Wed, 24 Nov 2021 09:13:19 GMT","expires":"Mon, 01 Jan 1990 00:00:00 GMT","pragma":"no-cache","cache-control":"no-cache, no-store, max-age=0, must-revalidate","content-type":"application/json; charset=utf-8","vary":"X-Origin, Referer, Origin,Accept-Encoding","server":"scaffolding on HTTPServer2","x-xss-protection":"0","x-frame-options":"SAMEORIGIN","x-content-type-options":"nosniff","alt-svc":"h3=\":443\"; ma=2592000,h3-29=\":443\"; ma=2592000,h3-Q050=\":443\"; ma=2592000,h3-Q046=\":443\"; ma=2592000,h3-Q043=\":443\"; ma=2592000,quic=\":443\"; ma=2592000; v=\"46,43\"","accept-ranges":"none","transfer-encoding":"chunked"}
[debug] [2021-11-24T09:13:19.290Z] >>> HTTP REQUEST POST https://firebasehosting.googleapis.com/v1beta1/sites/hackerearthhackathon/versions  
 {"config":{"rewrites":[{"glob":"**","path":"/index.html"}]},"labels":{"deployment-tool":"cli-firebase"}}
